<?xml version="1.0" encoding="UTF-8"?>
<!-- Generated by org.testng.reporters.JUnitXMLReporter -->
<testsuite ignored="1" hostname="DESKTOP-SIJD8UO" failures="0" tests="2" name="First Test" time="3.016" errors="0" timestamp="2022-12-06T14:05:56 PST">
  <testcase classname="TestNG.NavigationTests" name="googleSearch" time="1.831"/>
  <testcase classname="TestNG.NavigationTests" name="setupFacebookProfile" time="1.165"/>
  <testcase classname="TestNG.NavigationTests" name="downloadYouTubeVideos" time="0.0">
    <ignored/>
  </testcase> <!-- downloadYouTubeVideos -->
</testsuite> <!-- First Test -->
